<?xml version="1.0" encoding="UTF-8"?>
<!-- Generated by org.testng.reporters.JUnitReportReporter -->
<testsuite hostname="LAPTOP-JIP7MCLK" name="NewTest" tests="1" failures="0" timestamp="3 Sep 2022 08:01:21 GMT" time="5.343" errors="0">
  <testcase name="f" time="5.343" classname="NewTest"/>
</testsuite> <!-- NewTest -->
